[2024-12-20 19:00:12Z INFO HostContext] No proxy settings were found based on environmental variables (http_proxy/https_proxy/HTTP_PROXY/HTTPS_PROXY)
[2024-12-20 19:00:12Z INFO HostContext] Well known directory 'Bin': '/Users/Mica/Downloads/moviecards/actions-runner/bin'
[2024-12-20 19:00:12Z INFO HostContext] Well known directory 'Root': '/Users/Mica/Downloads/moviecards/actions-runner'
[2024-12-20 19:00:12Z INFO HostContext] Well known config file 'Credentials': '/Users/Mica/Downloads/moviecards/actions-runner/.credentials'
[2024-12-20 19:00:12Z INFO HostContext] Well known directory 'Bin': '/Users/Mica/Downloads/moviecards/actions-runner/bin'
[2024-12-20 19:00:12Z INFO HostContext] Well known directory 'Root': '/Users/Mica/Downloads/moviecards/actions-runner'
[2024-12-20 19:00:12Z INFO HostContext] Well known config file 'Runner': '/Users/Mica/Downloads/moviecards/actions-runner/.runner'
[2024-12-20 19:00:12Z INFO Listener] Runner is built for OSX (X64) - osx-x64.
[2024-12-20 19:00:12Z INFO Listener] RuntimeInformation: Darwin 24.1.0 Darwin Kernel Version 24.1.0: Thu Oct 10 21:02:27 PDT 2024; root:xnu-11215.41.3~2/RELEASE_X86_64.
[2024-12-20 19:00:13Z INFO Listener] Version: 2.321.0
[2024-12-20 19:00:13Z INFO Listener] Commit: e249007931b7c8e857797fa259c167f0bd4f997a
[2024-12-20 19:00:13Z INFO Listener] Culture: en-US
[2024-12-20 19:00:13Z INFO Listener] UI Culture: en-US
[2024-12-20 19:00:13Z INFO HostContext] Well known directory 'Bin': '/Users/Mica/Downloads/moviecards/actions-runner/bin'
[2024-12-20 19:00:13Z INFO HostContext] Well known directory 'Root': '/Users/Mica/Downloads/moviecards/actions-runner'
[2024-12-20 19:00:13Z INFO Listener] Validating directory permissions for: '/Users/Mica/Downloads/moviecards/actions-runner'
[2024-12-20 19:00:13Z INFO CommandLineParser] Parse
[2024-12-20 19:00:13Z INFO CommandLineParser] Parsing 5 args
[2024-12-20 19:00:13Z INFO CommandLineParser] parsing argument
[2024-12-20 19:00:13Z INFO CommandLineParser] HasArgs: False
[2024-12-20 19:00:13Z INFO CommandLineParser] Adding Command: configure
[2024-12-20 19:00:13Z INFO CommandLineParser] parsing argument
[2024-12-20 19:00:13Z INFO CommandLineParser] HasArgs: True
[2024-12-20 19:00:13Z INFO CommandLineParser] arg: url
[2024-12-20 19:00:13Z INFO CommandLineParser] parsing argument
[2024-12-20 19:00:13Z INFO CommandLineParser] HasArgs: True
[2024-12-20 19:00:13Z INFO CommandLineParser] Adding option 'url': 'https://github.com/micaleiva01/moviecards'
[2024-12-20 19:00:13Z INFO CommandLineParser] parsing argument
[2024-12-20 19:00:13Z INFO CommandLineParser] HasArgs: True
[2024-12-20 19:00:13Z INFO CommandLineParser] arg: token
[2024-12-20 19:00:13Z INFO CommandLineParser] parsing argument
[2024-12-20 19:00:13Z INFO CommandLineParser] HasArgs: True
[2024-12-20 19:00:13Z INFO CommandLineParser] Adding option 'token': '***'
[2024-12-20 19:00:13Z INFO Listener] Arguments parsed
[2024-12-20 19:00:13Z INFO Runner] ExecuteCommand
[2024-12-20 19:00:13Z INFO ConfigurationStore] currentAssemblyLocation: /Users/Mica/Downloads/moviecards/actions-runner/bin/Runner.Listener.dll
[2024-12-20 19:00:13Z INFO HostContext] Well known directory 'Bin': '/Users/Mica/Downloads/moviecards/actions-runner/bin'
[2024-12-20 19:00:13Z INFO ConfigurationStore] binPath: /Users/Mica/Downloads/moviecards/actions-runner/bin
[2024-12-20 19:00:13Z INFO HostContext] Well known directory 'Bin': '/Users/Mica/Downloads/moviecards/actions-runner/bin'
[2024-12-20 19:00:13Z INFO HostContext] Well known directory 'Root': '/Users/Mica/Downloads/moviecards/actions-runner'
[2024-12-20 19:00:13Z INFO ConfigurationStore] RootFolder: /Users/Mica/Downloads/moviecards/actions-runner
[2024-12-20 19:00:13Z INFO HostContext] Well known directory 'Bin': '/Users/Mica/Downloads/moviecards/actions-runner/bin'
[2024-12-20 19:00:13Z INFO HostContext] Well known directory 'Root': '/Users/Mica/Downloads/moviecards/actions-runner'
[2024-12-20 19:00:13Z INFO HostContext] Well known config file 'Runner': '/Users/Mica/Downloads/moviecards/actions-runner/.runner'
[2024-12-20 19:00:13Z INFO ConfigurationStore] ConfigFilePath: /Users/Mica/Downloads/moviecards/actions-runner/.runner
[2024-12-20 19:00:13Z INFO HostContext] Well known directory 'Bin': '/Users/Mica/Downloads/moviecards/actions-runner/bin'
[2024-12-20 19:00:13Z INFO HostContext] Well known directory 'Root': '/Users/Mica/Downloads/moviecards/actions-runner'
[2024-12-20 19:00:13Z INFO HostContext] Well known config file 'Credentials': '/Users/Mica/Downloads/moviecards/actions-runner/.credentials'
[2024-12-20 19:00:13Z INFO ConfigurationStore] CredFilePath: /Users/Mica/Downloads/moviecards/actions-runner/.credentials
[2024-12-20 19:00:13Z INFO HostContext] Well known directory 'Bin': '/Users/Mica/Downloads/moviecards/actions-runner/bin'
[2024-12-20 19:00:13Z INFO HostContext] Well known directory 'Root': '/Users/Mica/Downloads/moviecards/actions-runner'
[2024-12-20 19:00:13Z INFO HostContext] Well known config file 'MigratedCredentials': '/Users/Mica/Downloads/moviecards/actions-runner/.credentials_migrated'
[2024-12-20 19:00:13Z INFO ConfigurationStore] MigratedCredFilePath: /Users/Mica/Downloads/moviecards/actions-runner/.credentials_migrated
[2024-12-20 19:00:13Z INFO HostContext] Well known directory 'Bin': '/Users/Mica/Downloads/moviecards/actions-runner/bin'
[2024-12-20 19:00:13Z INFO HostContext] Well known directory 'Root': '/Users/Mica/Downloads/moviecards/actions-runner'
[2024-12-20 19:00:13Z INFO HostContext] Well known config file 'Service': '/Users/Mica/Downloads/moviecards/actions-runner/.service'
[2024-12-20 19:00:13Z INFO ConfigurationStore] ServiceConfigFilePath: /Users/Mica/Downloads/moviecards/actions-runner/.service
[2024-12-20 19:00:13Z INFO CommandSettings] Flag 'help': 'False'
[2024-12-20 19:00:13Z INFO CommandSettings] Flag 'version': 'False'
[2024-12-20 19:00:13Z INFO CommandSettings] Flag 'commit': 'False'
[2024-12-20 19:00:13Z INFO CommandSettings] Flag 'check': 'False'
[2024-12-20 19:00:13Z INFO CommandSettings] Command 'configure': 'True'
[2024-12-20 19:00:13Z INFO Terminal] WRITE LINE: 
[2024-12-20 19:00:13Z INFO Terminal] WRITE LINE: --------------------------------------------------------------------------------
[2024-12-20 19:00:13Z INFO Terminal] WRITE LINE: |        ____ _ _   _   _       _          _        _   _                      |
[2024-12-20 19:00:13Z INFO Terminal] WRITE LINE: |       / ___(_) |_| | | |_   _| |__      / \   ___| |_(_) ___  _ __  ___      |
[2024-12-20 19:00:13Z INFO Terminal] WRITE LINE: |      | |  _| | __| |_| | | | | '_ \    / _ \ / __| __| |/ _ \| '_ \/ __|     |
[2024-12-20 19:00:13Z INFO Terminal] WRITE LINE: |      | |_| | | |_|  _  | |_| | |_) |  / ___ \ (__| |_| | (_) | | | \__ \     |
[2024-12-20 19:00:13Z INFO Terminal] WRITE LINE: |       \____|_|\__|_| |_|\__,_|_.__/  /_/   \_\___|\__|_|\___/|_| |_|___/     |
[2024-12-20 19:00:13Z INFO Terminal] WRITE LINE: |                                                                              |
[2024-12-20 19:00:13Z INFO Terminal] WRITE: |                       
[2024-12-20 19:00:13Z INFO Terminal] WRITE: Self-hosted runner registration
[2024-12-20 19:00:13Z INFO Terminal] WRITE LINE:                         |
[2024-12-20 19:00:13Z INFO Terminal] WRITE LINE: |                                                                              |
[2024-12-20 19:00:13Z INFO Terminal] WRITE LINE: --------------------------------------------------------------------------------
[2024-12-20 19:00:13Z INFO ConfigurationManager] ConfigureAsync
[2024-12-20 19:00:13Z INFO CommandSettings] Flag 'generateServiceConfig': 'False'
[2024-12-20 19:00:13Z INFO ConfigurationStore] IsConfigured()
[2024-12-20 19:00:13Z INFO ConfigurationStore] IsConfigured: False
[2024-12-20 19:00:13Z INFO ConfigurationManager] Is configured: False
[2024-12-20 19:00:13Z INFO CommandSettings] Arg 'url': 'https://github.com/micaleiva01/moviecards'
[2024-12-20 19:00:13Z INFO CommandSettings] Remove url from Arg dictionary.
[2024-12-20 19:00:13Z INFO CommandSettings] Arg 'token': '***'
[2024-12-20 19:00:13Z INFO CommandSettings] Remove token from Arg dictionary.
[2024-12-20 19:00:19Z INFO ConfigurationManager] Http response code: OK from 'POST https://api.github.com/actions/runner-registration' (72F3:1E1B20:A329A:A74CA:6765BEC2)
[2024-12-20 19:00:19Z INFO ConfigurationManager] Using V2 flow: False
[2024-12-20 19:00:19Z INFO ConfigurationManager] cred retrieved via GitHub auth
[2024-12-20 19:00:19Z INFO RunnerServer] EstablishVssConnection
[2024-12-20 19:00:19Z INFO RunnerServer] Establish connection with 100 seconds timeout.
[2024-12-20 19:00:20Z INFO GitHubActionsService] Starting operation Location.GetConnectionData
[2024-12-20 19:00:20Z INFO RunnerServer] EstablishVssConnection
[2024-12-20 19:00:20Z INFO RunnerServer] Establish connection with 60 seconds timeout.
[2024-12-20 19:00:20Z INFO GitHubActionsService] Starting operation Location.GetConnectionData
[2024-12-20 19:00:20Z INFO RunnerServer] EstablishVssConnection
[2024-12-20 19:00:20Z INFO RunnerServer] Establish connection with 60 seconds timeout.
[2024-12-20 19:00:20Z INFO GitHubActionsService] Starting operation Location.GetConnectionData
[2024-12-20 19:00:21Z INFO GitHubActionsService] Finished operation Location.GetConnectionData
[2024-12-20 19:00:21Z INFO GitHubActionsService] Finished operation Location.GetConnectionData
[2024-12-20 19:00:21Z INFO GitHubActionsService] Finished operation Location.GetConnectionData
[2024-12-20 19:00:21Z INFO Terminal] WRITE LINE: 
[2024-12-20 19:00:21Z INFO ConfigurationManager] Test Connection complete.
[2024-12-20 19:00:21Z INFO HostContext] Well known directory 'Bin': '/Users/Mica/Downloads/moviecards/actions-runner/bin'
[2024-12-20 19:00:21Z INFO HostContext] Well known directory 'Root': '/Users/Mica/Downloads/moviecards/actions-runner'
[2024-12-20 19:00:21Z INFO HostContext] Well known config file 'RSACredentials': '/Users/Mica/Downloads/moviecards/actions-runner/.credentials_rsaparams'
[2024-12-20 19:00:21Z INFO RSAFileKeyManager] Creating new RSA key using 2048-bit key length
[2024-12-20 19:00:22Z INFO RSAFileKeyManager] Successfully saved RSA key parameters to file /Users/Mica/Downloads/moviecards/actions-runner/.credentials_rsaparams
[2024-12-20 19:00:22Z INFO RSAFileKeyManager] Which2: 'chmod'
[2024-12-20 19:00:22Z INFO RSAFileKeyManager] Location: '/bin/chmod'
[2024-12-20 19:00:22Z INFO HostContext] Well known directory 'Bin': '/Users/Mica/Downloads/moviecards/actions-runner/bin'
[2024-12-20 19:00:22Z INFO HostContext] Well known directory 'Root': '/Users/Mica/Downloads/moviecards/actions-runner'
[2024-12-20 19:00:22Z INFO ProcessInvokerWrapper] Starting process:
[2024-12-20 19:00:22Z INFO ProcessInvokerWrapper]   File name: '/bin/chmod'
[2024-12-20 19:00:22Z INFO ProcessInvokerWrapper]   Arguments: '600 /Users/Mica/Downloads/moviecards/actions-runner/.credentials_rsaparams'
[2024-12-20 19:00:22Z INFO ProcessInvokerWrapper]   Working directory: '/Users/Mica/Downloads/moviecards/actions-runner'
[2024-12-20 19:00:22Z INFO ProcessInvokerWrapper]   Require exit code zero: 'False'
[2024-12-20 19:00:22Z INFO ProcessInvokerWrapper]   Encoding web name:  ; code page: ''
[2024-12-20 19:00:22Z INFO ProcessInvokerWrapper]   Force kill process on cancellation: 'False'
[2024-12-20 19:00:22Z INFO ProcessInvokerWrapper]   Redirected STDIN: 'False'
[2024-12-20 19:00:22Z INFO ProcessInvokerWrapper]   Persist current code page: 'False'
[2024-12-20 19:00:22Z INFO ProcessInvokerWrapper]   Keep redirected STDIN open: 'False'
[2024-12-20 19:00:22Z INFO ProcessInvokerWrapper]   High priority process: 'False'
[2024-12-20 19:00:22Z INFO ProcessInvokerWrapper] Process started with process id 87589, waiting for process exit.
[2024-12-20 19:00:22Z INFO ProcessInvokerWrapper] STDOUT/STDERR stream read finished.
[2024-12-20 19:00:22Z INFO ProcessInvokerWrapper] STDOUT/STDERR stream read finished.
[2024-12-20 19:00:22Z INFO ProcessInvokerWrapper] Finished process 87589 with exit code 0, and elapsed time 00:00:00.3386934.
[2024-12-20 19:00:22Z INFO RSAFileKeyManager] Successfully set permissions for RSA key parameters file /Users/Mica/Downloads/moviecards/actions-runner/.credentials_rsaparams
[2024-12-20 19:00:22Z INFO CommandSettings] Arg 'runnergroup': ''
[2024-12-20 19:00:22Z INFO CommandSettings] Flag 'unattended': 'False'
[2024-12-20 19:00:22Z INFO PromptManager] ReadValue
[2024-12-20 19:00:22Z INFO Terminal] WRITE: Enter the name of the runner group to add this runner to: 
[2024-12-20 19:00:22Z INFO Terminal] WRITE: [press Enter for Default] 
[2024-12-20 19:00:22Z INFO Terminal] READ LINE
[2024-12-20 19:01:03Z INFO Terminal] Read value: ''
[2024-12-20 19:01:03Z INFO PromptManager] Falling back to the default: 'Default'
[2024-12-20 19:01:03Z INFO Terminal] WRITE LINE: 
[2024-12-20 19:01:03Z INFO ConfigurationManager] Found a self-hosted runner group with id 1 and name Default
[2024-12-20 19:01:03Z INFO CommandSettings] Flag 'disableupdate': 'False'
[2024-12-20 19:01:03Z INFO CommandSettings] Flag 'ephemeral': 'False'
[2024-12-20 19:01:03Z INFO CommandSettings] Arg 'name': ''
[2024-12-20 19:01:03Z INFO CommandSettings] Flag 'unattended': 'False'
[2024-12-20 19:01:03Z INFO PromptManager] ReadValue
[2024-12-20 19:01:03Z INFO Terminal] WRITE: Enter the name of runner: 
[2024-12-20 19:01:03Z INFO Terminal] WRITE: [press Enter for MacBook-Pro-89] 
[2024-12-20 19:01:03Z INFO Terminal] READ LINE
[2024-12-20 19:01:05Z INFO Terminal] Read value: ''
[2024-12-20 19:01:05Z INFO PromptManager] Falling back to the default: 'MacBook-Pro-89'
[2024-12-20 19:01:05Z INFO Terminal] WRITE LINE: 
[2024-12-20 19:01:05Z INFO CommandSettings] Arg 'labels': ''
[2024-12-20 19:01:05Z INFO CommandSettings] Flag 'unattended': 'False'
[2024-12-20 19:01:05Z INFO PromptManager] ReadValue
[2024-12-20 19:01:05Z INFO Terminal] WRITE: This runner will have the following labels: 'self-hosted', 'macOS', 'X64' 
Enter any additional labels (ex. label-1,label-2): 
[2024-12-20 19:01:05Z INFO Terminal] WRITE: [press Enter to skip] 
[2024-12-20 19:01:05Z INFO Terminal] READ LINE
[2024-12-20 19:01:10Z INFO Terminal] Read value: ''
[2024-12-20 19:01:10Z INFO Terminal] WRITE LINE: 
[2024-12-20 19:01:10Z INFO CommandSettings] Flag 'disableupdate': 'False'
[2024-12-20 19:01:10Z INFO CommandSettings] Flag 'no-default-labels': 'False'
[2024-12-20 19:01:11Z INFO CommandSettings] Flag 'disableupdate': 'False'
[2024-12-20 19:01:11Z INFO CommandSettings] Flag 'ephemeral': 'False'
[2024-12-20 19:01:11Z INFO ConfigurationStore] Saving OAuth credential @ /Users/Mica/Downloads/moviecards/actions-runner/.credentials
[2024-12-20 19:01:11Z INFO ConfigurationStore] Credentials Saved.
[2024-12-20 19:01:11Z INFO ConfigurationStore] HasCredentials()
[2024-12-20 19:01:11Z INFO ConfigurationStore] stored True
[2024-12-20 19:01:11Z INFO CredentialManager] GetCredentialProvider
[2024-12-20 19:01:11Z INFO CredentialManager] Creating type OAuth
[2024-12-20 19:01:11Z INFO CredentialManager] Creating credential type: OAuth
[2024-12-20 19:01:11Z INFO RSAFileKeyManager] Loading RSA key parameters from file /Users/Mica/Downloads/moviecards/actions-runner/.credentials_rsaparams
[2024-12-20 19:01:11Z INFO RunnerServer] EstablishVssConnection
[2024-12-20 19:01:11Z INFO RunnerServer] Establish connection with 100 seconds timeout.
[2024-12-20 19:01:11Z INFO GitHubActionsService] Starting operation Location.GetConnectionData
[2024-12-20 19:01:11Z INFO RunnerServer] EstablishVssConnection
[2024-12-20 19:01:11Z INFO RunnerServer] Establish connection with 60 seconds timeout.
[2024-12-20 19:01:11Z INFO GitHubActionsService] Starting operation Location.GetConnectionData
[2024-12-20 19:01:11Z INFO RunnerServer] EstablishVssConnection
[2024-12-20 19:01:11Z INFO RunnerServer] Establish connection with 60 seconds timeout.
[2024-12-20 19:01:11Z INFO GitHubActionsService] Starting operation Location.GetConnectionData
[2024-12-20 19:01:12Z INFO GitHubActionsService] Finished operation Location.GetConnectionData
[2024-12-20 19:01:12Z INFO GitHubActionsService] Finished operation Location.GetConnectionData
[2024-12-20 19:01:12Z INFO GitHubActionsService] Finished operation Location.GetConnectionData
[2024-12-20 19:01:12Z INFO RSAFileKeyManager] Loading RSA key parameters from file /Users/Mica/Downloads/moviecards/actions-runner/.credentials_rsaparams
[2024-12-20 19:01:12Z INFO RSAFileKeyManager] Loading RSA key parameters from file /Users/Mica/Downloads/moviecards/actions-runner/.credentials_rsaparams
[2024-12-20 19:01:13Z INFO GitHubActionsService] AAD Correlation ID for this token request: Unknown
[2024-12-20 19:01:13Z INFO CommandSettings] Arg 'work': ''
[2024-12-20 19:01:13Z INFO CommandSettings] Flag 'unattended': 'False'
[2024-12-20 19:01:13Z INFO PromptManager] ReadValue
[2024-12-20 19:01:13Z INFO Terminal] WRITE: Enter name of work folder: 
[2024-12-20 19:01:13Z INFO Terminal] WRITE: [press Enter for _work] 
[2024-12-20 19:01:13Z INFO Terminal] READ LINE
[2024-12-20 19:01:16Z INFO Terminal] Read value: ''
[2024-12-20 19:01:16Z INFO PromptManager] Falling back to the default: '_work'
[2024-12-20 19:01:16Z INFO ConfigurationStore] Saving runner settings.
[2024-12-20 19:01:16Z INFO ConfigurationStore] Settings Saved.
[2024-12-20 19:01:16Z INFO Terminal] WRITE LINE: 
[2024-12-20 19:01:16Z INFO Terminal] WRITE LINE: 
[2024-12-20 19:01:16Z INFO OsxServiceControlManager] Service name 'actions.runner.micaleiva01-moviecards.MacBook-Pro-89' display name 'GitHub Actions Runner (micaleiva01-moviecards.MacBook-Pro-89)' will be used for service configuration.
[2024-12-20 19:01:16Z INFO HostContext] Well known directory 'Bin': '/Users/Mica/Downloads/moviecards/actions-runner/bin'
[2024-12-20 19:01:16Z INFO HostContext] Well known directory 'Root': '/Users/Mica/Downloads/moviecards/actions-runner'
[2024-12-20 19:01:16Z INFO HostContext] Well known directory 'Bin': '/Users/Mica/Downloads/moviecards/actions-runner/bin'
[2024-12-20 19:01:16Z INFO HostContext] Well known directory 'Bin': '/Users/Mica/Downloads/moviecards/actions-runner/bin'
[2024-12-20 19:01:16Z INFO HostContext] Well known directory 'Root': '/Users/Mica/Downloads/moviecards/actions-runner'
[2024-12-20 19:01:16Z INFO UnixUtil] Which2: 'chmod'
[2024-12-20 19:01:16Z INFO UnixUtil] Location: '/bin/chmod'
[2024-12-20 19:01:16Z INFO UnixUtil] Running /bin/chmod 755 "/Users/Mica/Downloads/moviecards/actions-runner/svc.sh"
[2024-12-20 19:01:16Z INFO ProcessInvokerWrapper] Starting process:
[2024-12-20 19:01:16Z INFO ProcessInvokerWrapper]   File name: '/bin/chmod'
[2024-12-20 19:01:16Z INFO ProcessInvokerWrapper]   Arguments: '755 "/Users/Mica/Downloads/moviecards/actions-runner/svc.sh"'
[2024-12-20 19:01:16Z INFO ProcessInvokerWrapper]   Working directory: '/Users/Mica/Downloads/moviecards/actions-runner'
[2024-12-20 19:01:16Z INFO ProcessInvokerWrapper]   Require exit code zero: 'True'
[2024-12-20 19:01:16Z INFO ProcessInvokerWrapper]   Encoding web name:  ; code page: ''
[2024-12-20 19:01:16Z INFO ProcessInvokerWrapper]   Force kill process on cancellation: 'False'
[2024-12-20 19:01:16Z INFO ProcessInvokerWrapper]   Redirected STDIN: 'False'
[2024-12-20 19:01:16Z INFO ProcessInvokerWrapper]   Persist current code page: 'False'
[2024-12-20 19:01:16Z INFO ProcessInvokerWrapper]   Keep redirected STDIN open: 'False'
[2024-12-20 19:01:16Z INFO ProcessInvokerWrapper]   High priority process: 'False'
[2024-12-20 19:01:16Z INFO ProcessInvokerWrapper] Process started with process id 87645, waiting for process exit.
[2024-12-20 19:01:16Z INFO ProcessInvokerWrapper] STDOUT/STDERR stream read finished.
[2024-12-20 19:01:16Z INFO ProcessInvokerWrapper] STDOUT/STDERR stream read finished.
[2024-12-20 19:01:16Z INFO ProcessInvokerWrapper] Finished process 87645 with exit code 0, and elapsed time 00:00:00.0281056.
[2024-12-20 19:01:16Z INFO Listener] Runner execution has finished with return code 0
